# JRE version: OpenJDK Runtime Environment (11.0.15) (build 11.0.15+0-b2043.56-8887301)
# Java VM: OpenJDK 64-Bit Server VM (11.0.15+0-b2043.56-8887301, mixed mode, tiered, compressed oops, g1 gc, windows-amd64)
Heap:
 garbage-first heap   total 386048K, used 255900K [0x0000000080000000, 0x0000000100000000)
  region size 1024K, 74 young (75776K), 11 survivors (11264K)
 Metaspace       used 119346K, capacity 122685K, committed 122960K, reserved 1157120K
  class space    used 14909K, capacity 16090K, committed 16128K, reserved 1048576K
GC Heap History (20 events):
Event: 17.721 GC heap before
{Heap before GC invocations=41 (full 0):
 garbage-first heap   total 196608K, used 178870K [0x0000000080000000, 0x0000000100000000)
  region size 1024K, 9 young (9216K), 1 survivors (1024K)
 Metaspace       used 89807K, capacity 92126K, committed 92368K, reserved 1130496K
  class space    used 11552K, capacity 12400K, committed 12416K, reserved 1048576K
}
Event: 17.726 GC heap after
{Heap after GC invocations=42 (full 0):
 garbage-first heap   total 239616K, used 172092K [0x0000000080000000, 0x0000000100000000)
  region size 1024K, 2 young (2048K), 2 survivors (2048K)
 Metaspace       used 89807K, capacity 92126K, committed 92368K, reserved 1130496K
  class space    used 11552K, capacity 12400K, committed 12416K, reserved 1048576K
}
Event: 17.968 GC heap before
{Heap before GC invocations=42 (full 0):
 garbage-first heap   total 239616K, used 192572K [0x0000000080000000, 0x0000000100000000)
  region size 1024K, 22 young (22528K), 2 survivors (2048K)
 Metaspace       used 90657K, capacity 93161K, committed 93392K, reserved 1130496K
  class space    used 11672K, capacity 12617K, committed 12672K, reserved 1048576K
}
Event: 17.973 GC heap after
{Heap after GC invocations=43 (full 0):
 garbage-first heap   total 239616K, used 173244K [0x0000000080000000, 0x0000000100000000)
  region size 1024K, 3 young (3072K), 3 survivors (3072K)
 Metaspace       used 90657K, capacity 93161K, committed 93392K, reserved 1130496K
  class space    used 11672K, capacity 12617K, committed 12672K, reserved 1048576K
}
Event: 18.323 GC heap before
{Heap before GC invocations=44 (full 0):
 garbage-first heap   total 239616K, used 194748K [0x0000000080000000, 0x0000000100000000)
  region size 1024K, 24 young (24576K), 3 survivors (3072K)
 Metaspace       used 91563K, capacity 94118K, committed 94288K, reserved 1130496K
  class space    used 11801K, capacity 12721K, committed 12800K, reserved 1048576K
}
Event: 18.328 GC heap after
{Heap after GC invocations=45 (full 0):
 garbage-first heap   total 239616K, used 174396K [0x0000000080000000, 0x0000000100000000)
  region size 1024K, 3 young (3072K), 3 survivors (3072K)
 Metaspace       used 91563K, capacity 94118K, committed 94288K, reserved 1130496K
  class space    used 11801K, capacity 12721K, committed 12800K, reserved 1048576K
}
Event: 18.400 GC heap before
{Heap before GC invocations=45 (full 0):
 garbage-first heap   total 239616K, used 190780K [0x0000000080000000, 0x0000000100000000)
  region size 1024K, 21 young (21504K), 3 survivors (3072K)
 Metaspace       used 92238K, capacity 94758K, committed 94800K, reserved 1132544K
  class space    used 11871K, capacity 12785K, committed 12800K, reserved 1048576K
}
Event: 18.407 GC heap after
{Heap after GC invocations=46 (full 0):
 garbage-first heap   total 239616K, used 174943K [0x0000000080000000, 0x0000000100000000)
  region size 1024K, 2 young (2048K), 2 survivors (2048K)
 Metaspace       used 92238K, capacity 94758K, committed 94800K, reserved 1132544K
  class space    used 11871K, capacity 12785K, committed 12800K, reserved 1048576K
}
Event: 18.551 GC heap before
{Heap before GC invocations=46 (full 0):
 garbage-first heap   total 239616K, used 199519K [0x0000000080000000, 0x0000000100000000)
  region size 1024K, 25 young (25600K), 2 survivors (2048K)
 Metaspace       used 93875K, capacity 96422K, committed 96464K, reserved 1132544K
  class space    used 11998K, capacity 12913K, committed 12928K, reserved 1048576K
}
Event: 18.556 GC heap after
{Heap after GC invocations=47 (full 0):
 garbage-first heap   total 321536K, used 174536K [0x0000000080000000, 0x0000000100000000)
  region size 1024K, 2 young (2048K), 2 survivors (2048K)
 Metaspace       used 93875K, capacity 96422K, committed 96464K, reserved 1132544K
  class space    used 11998K, capacity 12913K, committed 12928K, reserved 1048576K
}
Event: 19.882 GC heap before
{Heap before GC invocations=48 (full 0):
 garbage-first heap   total 321536K, used 237000K [0x0000000080000000, 0x0000000100000000)
  region size 1024K, 64 young (65536K), 2 survivors (2048K)
 Metaspace       used 100698K, capacity 103360K, committed 103632K, reserved 1138688K
  class space    used 12955K, capacity 13924K, committed 13952K, reserved 1048576K
}
Event: 19.888 GC heap after
{Heap after GC invocations=49 (full 0):
 garbage-first heap   total 321536K, used 177461K [0x0000000080000000, 0x0000000100000000)
  region size 1024K, 5 young (5120K), 5 survivors (5120K)
 Metaspace       used 100698K, capacity 103360K, committed 103632K, reserved 1138688K
  class space    used 12955K, capacity 13924K, committed 13952K, reserved 1048576K
}
Event: 21.016 GC heap before
{Heap before GC invocations=49 (full 0):
 garbage-first heap   total 321536K, used 244021K [0x0000000080000000, 0x0000000100000000)
  region size 1024K, 70 young (71680K), 5 survivors (5120K)
 Metaspace       used 105473K, capacity 108407K, committed 108624K, reserved 1142784K
  class space    used 13534K, capacity 14559K, committed 14592K, reserved 1048576K
}
Event: 21.031 GC heap after
{Heap after GC invocations=50 (full 0):
 garbage-first heap   total 321536K, used 182448K [0x0000000080000000, 0x0000000100000000)
  region size 1024K, 9 young (9216K), 9 survivors (9216K)
 Metaspace       used 105473K, capacity 108407K, committed 108624K, reserved 1142784K
  class space    used 13534K, capacity 14559K, committed 14592K, reserved 1048576K
}
Event: 22.075 GC heap before
{Heap before GC invocations=51 (full 0):
 garbage-first heap   total 321536K, used 249008K [0x0000000080000000, 0x0000000100000000)
  region size 1024K, 75 young (76800K), 9 survivors (9216K)
 Metaspace       used 106995K, capacity 109965K, committed 110160K, reserved 1144832K
  class space    used 13649K, capacity 14726K, committed 14848K, reserved 1048576K
}
Event: 22.096 GC heap after
{Heap after GC invocations=52 (full 0):
 garbage-first heap   total 321536K, used 187033K [0x0000000080000000, 0x0000000100000000)
  region size 1024K, 5 young (5120K), 5 survivors (5120K)
 Metaspace       used 106995K, capacity 109965K, committed 110160K, reserved 1144832K
  class space    used 13649K, capacity 14726K, committed 14848K, reserved 1048576K
}
Event: 22.610 GC heap before
{Heap before GC invocations=52 (full 0):
 garbage-first heap   total 321536K, used 254617K [0x0000000080000000, 0x0000000100000000)
  region size 1024K, 72 young (73728K), 5 survivors (5120K)
 Metaspace       used 111308K, capacity 114372K, committed 114512K, reserved 1148928K
  class space    used 14205K, capacity 15275K, committed 15360K, reserved 1048576K
}
Event: 22.618 GC heap after
{Heap after GC invocations=53 (full 0):
 garbage-first heap   total 386048K, used 188565K [0x0000000080000000, 0x0000000100000000)
  region size 1024K, 7 young (7168K), 7 survivors (7168K)
 Metaspace       used 111308K, capacity 114372K, committed 114512K, reserved 1148928K
  class space    used 14205K, capacity 15275K, committed 15360K, reserved 1048576K
}
Event: 1227.989 GC heap before
{Heap before GC invocations=54 (full 0):
 garbage-first heap   total 386048K, used 283797K [0x0000000080000000, 0x0000000100000000)
  region size 1024K, 101 young (103424K), 7 survivors (7168K)
 Metaspace       used 118172K, capacity 121280K, committed 121552K, reserved 1155072K
  class space    used 14828K, capacity 15962K, committed 16000K, reserved 1048576K
}
Event: 1228.002 GC heap after
{Heap after GC invocations=55 (full 0):
 garbage-first heap   total 386048K, used 193436K [0x0000000080000000, 0x0000000100000000)
  region size 1024K, 11 young (11264K), 11 survivors (11264K)
 Metaspace       used 118172K, capacity 121280K, committed 121552K, reserved 1155072K
  class space    used 14828K, capacity 15962K, committed 16000K, reserved 1048576K
}

